Determining if the pthread_create exist failed with the following output:
Change Dir: /home/alex/Workplace/SFND_Lidar_Obstacle_Detection/cmake-build-debug/CMakeFiles/CMakeTmp

Run Build Command:"/usr/bin/make" "cmTC_78851/fast"
/usr/bin/make -f CMakeFiles/cmTC_78851.dir/build.make CMakeFiles/cmTC_78851.dir/build
make[1]: Entering directory '/home/alex/Workplace/SFND_Lidar_Obstacle_Detection/cmake-build-debug/CMakeFiles/CMakeTmp'
Building C object CMakeFiles/cmTC_78851.dir/CheckSymbolExists.c.o
/usr/bin/cc    -o CMakeFiles/cmTC_78851.dir/CheckSymbolExists.c.o   -c /home/alex/Workplace/SFND_Lidar_Obstacle_Detection/cmake-build-debug/CMakeFiles/CMakeTmp/CheckSymbolExists.c
Linking C executable cmTC_78851
/usr/share/clion/bin/cmake/bin/cmake -E cmake_link_script CMakeFiles/cmTC_78851.dir/link.txt --verbose=1
/usr/bin/cc      -rdynamic CMakeFiles/cmTC_78851.dir/CheckSymbolExists.c.o  -o cmTC_78851 
CMakeFiles/cmTC_78851.dir/CheckSymbolExists.c.o: In function `main':
CheckSymbolExists.c:(.text+0x1b): undefined reference to `pthread_create'
collect2: error: ld returned 1 exit status
make[1]: *** [CMakeFiles/cmTC_78851.dir/build.make:98: cmTC_78851] Error 1
make[1]: Leaving directory '/home/alex/Workplace/SFND_Lidar_Obstacle_Detection/cmake-build-debug/CMakeFiles/CMakeTmp'
make: *** [Makefile:126: cmTC_78851/fast] Error 2

File /home/alex/Workplace/SFND_Lidar_Obstacle_Detection/cmake-build-debug/CMakeFiles/CMakeTmp/CheckSymbolExists.c:
/* */
#include <pthread.h>

int main(int argc, char** argv)
{
  (void)argv;
#ifndef pthread_create
  return ((int*)(&pthread_create))[argc];
#else
  (void)argc;
  return 0;
#endif
}

Determining if the function pthread_create exists in the pthreads failed with the following output:
Change Dir: /home/alex/Workplace/SFND_Lidar_Obstacle_Detection/cmake-build-debug/CMakeFiles/CMakeTmp

Run Build Command:"/usr/bin/make" "cmTC_77ada/fast"
/usr/bin/make -f CMakeFiles/cmTC_77ada.dir/build.make CMakeFiles/cmTC_77ada.dir/build
make[1]: Entering directory '/home/alex/Workplace/SFND_Lidar_Obstacle_Detection/cmake-build-debug/CMakeFiles/CMakeTmp'
Building C object CMakeFiles/cmTC_77ada.dir/CheckFunctionExists.c.o
/usr/bin/cc   -DCHECK_FUNCTION_EXISTS=pthread_create   -o CMakeFiles/cmTC_77ada.dir/CheckFunctionExists.c.o   -c /usr/share/clion/bin/cmake/share/cmake-3.8/Modules/CheckFunctionExists.c
Linking C executable cmTC_77ada
/usr/share/clion/bin/cmake/bin/cmake -E cmake_link_script CMakeFiles/cmTC_77ada.dir/link.txt --verbose=1
/usr/bin/cc  -DCHECK_FUNCTION_EXISTS=pthread_create    -rdynamic CMakeFiles/cmTC_77ada.dir/CheckFunctionExists.c.o  -o cmTC_77ada -lpthreads 
/usr/bin/ld: cannot find -lpthreads
collect2: error: ld returned 1 exit status
make[1]: *** [CMakeFiles/cmTC_77ada.dir/build.make:98: cmTC_77ada] Error 1
make[1]: Leaving directory '/home/alex/Workplace/SFND_Lidar_Obstacle_Detection/cmake-build-debug/CMakeFiles/CMakeTmp'
make: *** [Makefile:126: cmTC_77ada/fast] Error 2


