Determining if the pthread_create exist failed with the following output:
Change Dir: /home/alex/Workplace/SFND_Lidar_Obstacle_Detection/src/quiz/ransac/build/CMakeFiles/CMakeTmp

Run Build Command:"/usr/bin/make" "cmTC_128de/fast"
/usr/bin/make -f CMakeFiles/cmTC_128de.dir/build.make CMakeFiles/cmTC_128de.dir/build
make[1]: Entering directory '/home/alex/Workplace/SFND_Lidar_Obstacle_Detection/src/quiz/ransac/build/CMakeFiles/CMakeTmp'
Building C object CMakeFiles/cmTC_128de.dir/CheckSymbolExists.c.o
/usr/bin/cc    -o CMakeFiles/cmTC_128de.dir/CheckSymbolExists.c.o   -c /home/alex/Workplace/SFND_Lidar_Obstacle_Detection/src/quiz/ransac/build/CMakeFiles/CMakeTmp/CheckSymbolExists.c
Linking C executable cmTC_128de
/usr/bin/cmake -E cmake_link_script CMakeFiles/cmTC_128de.dir/link.txt --verbose=1
/usr/bin/cc      -rdynamic CMakeFiles/cmTC_128de.dir/CheckSymbolExists.c.o  -o cmTC_128de 
CMakeFiles/cmTC_128de.dir/CheckSymbolExists.c.o: In function `main':
CheckSymbolExists.c:(.text+0x1b): undefined reference to `pthread_create'
collect2: error: ld returned 1 exit status
make[1]: *** [CMakeFiles/cmTC_128de.dir/build.make:87: cmTC_128de] Error 1
make[1]: Leaving directory '/home/alex/Workplace/SFND_Lidar_Obstacle_Detection/src/quiz/ransac/build/CMakeFiles/CMakeTmp'
make: *** [Makefile:126: cmTC_128de/fast] Error 2

File /home/alex/Workplace/SFND_Lidar_Obstacle_Detection/src/quiz/ransac/build/CMakeFiles/CMakeTmp/CheckSymbolExists.c:
/* */
#include <pthread.h>

int main(int argc, char** argv)
{
  (void)argv;
#ifndef pthread_create
  return ((int*)(&pthread_create))[argc];
#else
  (void)argc;
  return 0;
#endif
}

Determining if the function pthread_create exists in the pthreads failed with the following output:
Change Dir: /home/alex/Workplace/SFND_Lidar_Obstacle_Detection/src/quiz/ransac/build/CMakeFiles/CMakeTmp

Run Build Command:"/usr/bin/make" "cmTC_63bcd/fast"
/usr/bin/make -f CMakeFiles/cmTC_63bcd.dir/build.make CMakeFiles/cmTC_63bcd.dir/build
make[1]: Entering directory '/home/alex/Workplace/SFND_Lidar_Obstacle_Detection/src/quiz/ransac/build/CMakeFiles/CMakeTmp'
Building C object CMakeFiles/cmTC_63bcd.dir/CheckFunctionExists.c.o
/usr/bin/cc   -DCHECK_FUNCTION_EXISTS=pthread_create   -o CMakeFiles/cmTC_63bcd.dir/CheckFunctionExists.c.o   -c /usr/share/cmake-3.11/Modules/CheckFunctionExists.c
Linking C executable cmTC_63bcd
/usr/bin/cmake -E cmake_link_script CMakeFiles/cmTC_63bcd.dir/link.txt --verbose=1
/usr/bin/cc  -DCHECK_FUNCTION_EXISTS=pthread_create    -rdynamic CMakeFiles/cmTC_63bcd.dir/CheckFunctionExists.c.o  -o cmTC_63bcd -lpthreads 
/usr/bin/ld: cannot find -lpthreads
collect2: error: ld returned 1 exit status
make[1]: *** [CMakeFiles/cmTC_63bcd.dir/build.make:87: cmTC_63bcd] Error 1
make[1]: Leaving directory '/home/alex/Workplace/SFND_Lidar_Obstacle_Detection/src/quiz/ransac/build/CMakeFiles/CMakeTmp'
make: *** [Makefile:126: cmTC_63bcd/fast] Error 2


